Using pre-set license
Built from '2022.3/staging' branch; Version is '2022.3.24f1 (334eb2a0b267) revision 3362482'; Using compiler version '192829333'; Build Type 'Release'
OS: 'Windows 10  (10.0.19045) 64bit Professional' Language: 'ja' Physical Memory: 32711 MB
BatchMode: 1, IsHumanControllingUs: 0, StartBugReporterOnCrash: 0, Is64bit: 1, IsPro: 1

COMMAND LINE ARGUMENTS:
C:\繝繝ｼ繝ｫ\Unity Hub\2022.3.24f1\Editor\Unity.exe
-adb2
-batchMode
-noUpm
-name
AssetImportWorker1
-projectPath
C:/Users/sakur/edit_notes
-logFile
Logs/AssetImportWorker1.log
-srvPort
60460
Successfully changed project path to: C:/Users/sakur/edit_notes
C:/Users/sakur/edit_notes
[UnityMemory] Configuration Parameters - Can be set up in boot.config
    "memorysetup-bucket-allocator-granularity=16"
    "memorysetup-bucket-allocator-bucket-count=8"
    "memorysetup-bucket-allocator-block-size=33554432"
    "memorysetup-bucket-allocator-block-count=8"
    "memorysetup-main-allocator-block-size=16777216"
    "memorysetup-thread-allocator-block-size=16777216"
    "memorysetup-gfx-main-allocator-block-size=16777216"
    "memorysetup-gfx-thread-allocator-block-size=16777216"
    "memorysetup-cache-allocator-block-size=4194304"
    "memorysetup-typetree-allocator-block-size=2097152"
    "memorysetup-profiler-bucket-allocator-granularity=16"
    "memorysetup-profiler-bucket-allocator-bucket-count=8"
    "memorysetup-profiler-bucket-allocator-block-size=33554432"
    "memorysetup-profiler-bucket-allocator-block-count=8"
    "memorysetup-profiler-allocator-block-size=16777216"
    "memorysetup-profiler-editor-allocator-block-size=1048576"
    "memorysetup-temp-allocator-size-main=16777216"
    "memorysetup-job-temp-allocator-block-size=2097152"
    "memorysetup-job-temp-allocator-block-size-background=1048576"
    "memorysetup-job-temp-allocator-reduction-small-platforms=262144"
    "memorysetup-allocator-temp-initial-block-size-main=262144"
    "memorysetup-allocator-temp-initial-block-size-worker=262144"
    "memorysetup-temp-allocator-size-background-worker=32768"
    "memorysetup-temp-allocator-size-job-worker=262144"
    "memorysetup-temp-allocator-size-preload-manager=33554432"
    "memorysetup-temp-allocator-size-nav-mesh-worker=65536"
    "memorysetup-temp-allocator-size-audio-worker=65536"
    "memorysetup-temp-allocator-size-cloud-worker=32768"
    "memorysetup-temp-allocator-size-gi-baking-worker=262144"
    "memorysetup-temp-allocator-size-gfx=262144"
Player connection [21240] Host "[IP] 192.168.50.154 [Port] 0 [Flags] 2 [Guid] 2233470732 [EditorId] 2233470732 [Version] 1048832 [Id] WindowsEditor(7,DESKTOP-TEN4NT0) [Debug] 1 [PackageName] WindowsEditor [ProjectName] Editor" joined multi-casting on [225.0.0.222:54997]...

Player connection [21240] Host "[IP] 192.168.50.154 [Port] 0 [Flags] 2 [Guid] 2233470732 [EditorId] 2233470732 [Version] 1048832 [Id] WindowsEditor(7,DESKTOP-TEN4NT0) [Debug] 1 [PackageName] WindowsEditor [ProjectName] Editor" joined alternative multi-casting on [225.0.0.222:34997]...

[Physics::Module] Initialized MultithreadedJobDispatcher with 11 workers.
Refreshing native plugins compatible for Editor in 14.15 ms, found 3 plugins.
Preloading 0 native plugins for Editor in 0.00 ms.
Initialize engine version: 2022.3.24f1 (334eb2a0b267)
[Subsystems] Discovering subsystems at path C:/繝繝ｼ繝ｫ/Unity Hub/2022.3.24f1/Editor/Data/Resources/UnitySubsystems
[Subsystems] Discovering subsystems at path C:/Users/sakur/edit_notes/Assets
GfxDevice: creating device client; threaded=0; jobified=0
Direct3D:
    Version:  Direct3D 11.0 [level 11.1]
    Renderer: NVIDIA GeForce RTX 2060 (ID=0x1f08)
    Vendor:   NVIDIA
    VRAM:     5969 MB
    Driver:   31.0.15.4617
Initialize mono
Mono path[0] = 'C:/繝繝ｼ繝ｫ/Unity Hub/2022.3.24f1/Editor/Data/Managed'
Mono path[1] = 'C:/繝繝ｼ繝ｫ/Unity Hub/2022.3.24f1/Editor/Data/MonoBleedingEdge/lib/mono/unityjit-win32'
Mono config path = 'C:/繝繝ｼ繝ｫ/Unity Hub/2022.3.24f1/Editor/Data/MonoBleedingEdge/etc'
Using monoOptions --debugger-agent=transport=dt_socket,embedding=1,server=y,suspend=n,address=127.0.0.1:56512
Begin MonoManager ReloadAssembly
Registering precompiled unity dll's ...
Register platform support module: C:/繝繝ｼ繝ｫ/Unity Hub/2022.3.24f1/Editor/Data/PlaybackEngines/WebGLSupport/UnityEditor.WebGL.Extensions.dll
Register platform support module: C:/繝繝ｼ繝ｫ/Unity Hub/2022.3.24f1/Editor/Data/PlaybackEngines/WindowsStandaloneSupport/UnityEditor.WindowsStandalone.Extensions.dll
Registered in 0.018438 seconds.
- Loaded All Assemblies, in  0.606 seconds
Native extension for WindowsStandalone target not found
Native extension for WebGL target not found
Mono: successfully reloaded assembly
- Finished resetting the current domain, in  0.379 seconds
Domain Reload Profiling: 980ms
	BeginReloadAssembly (214ms)
		ExecutionOrderSort (0ms)
		DisableScriptedObjects (0ms)
		BackupInstance (0ms)
		ReleaseScriptingObjects (0ms)
		CreateAndSetChildDomain (2ms)
	RebuildCommonClasses (58ms)
	RebuildNativeTypeToScriptingClass (15ms)
	initialDomainReloadingComplete (106ms)
	LoadAllAssembliesAndSetupDomain (207ms)
		LoadAssemblies (206ms)
		RebuildTransferFunctionScriptingTraits (0ms)
		AnalyzeDomain (203ms)
			TypeCache.Refresh (201ms)
				TypeCache.ScanAssembly (183ms)
			ScanForSourceGeneratedMonoScriptInfo (1ms)
			ResolveRequiredComponents (1ms)
	FinalizeReload (380ms)
		ReleaseScriptCaches (0ms)
		RebuildScriptCaches (0ms)
		SetupLoadedEditorAssemblies (297ms)
			LogAssemblyErrors (0ms)
			InitializePlatformSupportModulesInManaged (17ms)
			SetLoadedEditorAssemblies (7ms)
			RefreshPlugins (0ms)
			BeforeProcessingInitializeOnLoad (3ms)
			ProcessInitializeOnLoadAttributes (202ms)
			ProcessInitializeOnLoadMethodAttributes (68ms)
			AfterProcessingInitializeOnLoad (0ms)
			EditorAssembliesLoaded (0ms)
		ExecutionOrderSort2 (0ms)
		AwakeInstancesAfterBackupRestoration (0ms)
========================================================================
Worker process is ready to serve import requests
Begin MonoManager ReloadAssembly
- Loaded All Assemblies, in  1.031 seconds
Refreshing native plugins compatible for Editor in 6.32 ms, found 3 plugins.
Native extension for WindowsStandalone target not found
Native extension for WebGL target not found
Package Manager log level set to [2]
[Package Manager] Server::EnsureServerProcessIsRunning -- launch failed, reason: Unity was launched with the -noUpm command-line argument
[Package Manager] UpmClient::Send -- Unable to send message (not connected to UPM process).
[Package Manager] Cannot connect to Unity Package Manager local server
Mono: successfully reloaded assembly
- Finished resetting the current domain, in  0.864 seconds
Domain Reload Profiling: 1889ms
	BeginReloadAssembly (232ms)
		ExecutionOrderSort (0ms)
		DisableScriptedObjects (8ms)
		BackupInstance (0ms)
		ReleaseScriptingObjects (0ms)
		CreateAndSetChildDomain (28ms)
	RebuildCommonClasses (52ms)
	RebuildNativeTypeToScriptingClass (15ms)
	initialDomainReloadingComplete (73ms)
	LoadAllAssembliesAndSetupDomain (652ms)
		LoadAssemblies (476ms)
		RebuildTransferFunctionScriptingTraits (0ms)
		AnalyzeDomain (311ms)
			TypeCache.Refresh (278ms)
				TypeCache.ScanAssembly (257ms)
			ScanForSourceGeneratedMonoScriptInfo (22ms)
			ResolveRequiredComponents (9ms)
	FinalizeReload (865ms)
		ReleaseScriptCaches (0ms)
		RebuildScriptCaches (0ms)
		SetupLoadedEditorAssemblies (639ms)
			LogAssemblyErrors (0ms)
			InitializePlatformSupportModulesInManaged (13ms)
			SetLoadedEditorAssemblies (4ms)
			RefreshPlugins (0ms)
			BeforeProcessingInitializeOnLoad (93ms)
			ProcessInitializeOnLoadAttributes (477ms)
			ProcessInitializeOnLoadMethodAttributes (33ms)
			AfterProcessingInitializeOnLoad (19ms)
			EditorAssembliesLoaded (0ms)
		ExecutionOrderSort2 (0ms)
		AwakeInstancesAfterBackupRestoration (11ms)
Launched and connected shader compiler UnityShaderCompiler.exe after 0.06 seconds
Refreshing native plugins compatible for Editor in 7.62 ms, found 3 plugins.
Preloading 0 native plugins for Editor in 0.00 ms.
Unloading 3399 Unused Serialized files (Serialized files now loaded: 0)
Unloading 36 unused Assets / (57.0 KB). Loaded Objects now: 3860.
Memory consumption went from 131.7 MB to 131.7 MB.
Total: 5.461200 ms (FindLiveObjects: 0.436300 ms CreateObjectMapping: 0.161900 ms MarkObjects: 4.691000 ms  DeleteObjects: 0.170600 ms)

AssetImportParameters requested are different than current active one (requested -> active):
  custom:container-demuxer-ogg: 62fdf1f143b41e24485cea50d1cbac27 -> 
  custom:video-decoder-ogg-theora: a1e56fd34408186e4bbccfd4996cb3dc -> 
  custom:framework-win-MediaFoundation: 216162199b28c13a410421893ffa2e32 -> 
  custom:CustomObjectIndexerAttribute: 9a22284fe3817be447336de3de66b15e -> 
  custom:container-demuxer-webm: 4f35f7cbe854078d1ac9338744f61a02 -> 
  custom:container-muxer-webm: aa71ff27fc2769a1b78a27578f13a17b -> 
  custom:video-decoder-webm-vp8: 9c59270c3fd7afecdb556c50c9e8de78 -> 
  custom:SearchIndexIgnoredProperties: e643bd26f0fe6173181afceb89e7c659 -> 
  custom:AudioImporter_EditorPlatform: d09bf68614088b80899f8185d706f6e7 -> 
  custom:video-encoder-webm-vp8: eb34c28f22e8b96e1ab97ce403110664 -> 
  custom:audio-decoder-ogg-vorbis: bf7c407c2cedff20999df2af8eb42d56 -> 
  custom:audio-encoder-webm-vorbis: bf7c407c2cedff20999df2af8eb42d56 -> 
========================================================================
Received Import Request.
  Time since last request: 153387.109347 seconds.
  path: Assets/NoteEditor-master
  artifactKey: Guid(04b9107e69336c04a8eb67496ed2d238) Importer(815301076,1909f56bfc062723c751e8b465ee728b)
Start importing Assets/NoteEditor-master using Guid(04b9107e69336c04a8eb67496ed2d238) Importer(815301076,1909f56bfc062723c751e8b465ee728b)  -> (artifact id: '3c33e93d619b317e2921654779367120') in 0.003512 seconds
Number of updated asset objects reloaded before import = 0
Number of asset objects unloaded after import = 0
========================================================================
Received Import Request.
  Time since last request: 11.027874 seconds.
  path: Assets/NoteEditor-master/ProjectSettings/DynamicsManager.asset
  artifactKey: Guid(d732a69fcc6825349b28144f36e0b825) Importer(815301076,1909f56bfc062723c751e8b465ee728b)
Start importing Assets/NoteEditor-master/ProjectSettings/DynamicsManager.asset using Guid(d732a69fcc6825349b28144f36e0b825) Importer(815301076,1909f56bfc062723c751e8b465ee728b)  -> (artifact id: '1af00bbf7ee7c87d8de472c9c1bcaf84') in 0.001185 seconds
Number of updated asset objects reloaded before import = 0
Number of asset objects unloaded after import = 0
========================================================================
Received Import Request.
  Time since last request: 0.000018 seconds.
  path: Assets/NoteEditor-master/ProjectSettings/EditorSettings.asset
  artifactKey: Guid(bc854bf21ad0d5e4086f21800819d466) Importer(815301076,1909f56bfc062723c751e8b465ee728b)
Start importing Assets/NoteEditor-master/ProjectSettings/EditorSettings.asset using Guid(bc854bf21ad0d5e4086f21800819d466) Importer(815301076,1909f56bfc062723c751e8b465ee728b)  -> (artifact id: 'dd10f5e4d9e0075d754003ef34591a7b') in 0.001073 seconds
Number of updated asset objects reloaded before import = 0
Number of asset objects unloaded after import = 0
========================================================================
Received Import Request.
  Time since last request: 0.000027 seconds.
  path: Assets/NoteEditor-master/ProjectSettings/NavMeshAreas.asset
  artifactKey: Guid(7a568a05753b059439d3dc3ff09f4658) Importer(815301076,1909f56bfc062723c751e8b465ee728b)
Start importing Assets/NoteEditor-master/ProjectSettings/NavMeshAreas.asset using Guid(7a568a05753b059439d3dc3ff09f4658) Importer(815301076,1909f56bfc062723c751e8b465ee728b)  -> (artifact id: '9797795455cd62a21ce58e3b1188d203') in 0.000783 seconds
Number of updated asset objects reloaded before import = 0
Number of asset objects unloaded after import = 0
========================================================================
Received Import Request.
  Time since last request: 0.000013 seconds.
  path: Assets/NoteEditor-master/ProjectSettings/InputManager.asset
  artifactKey: Guid(dabe31c3d23374e4e9c06666f9d9bed7) Importer(815301076,1909f56bfc062723c751e8b465ee728b)
Start importing Assets/NoteEditor-master/ProjectSettings/InputManager.asset using Guid(dabe31c3d23374e4e9c06666f9d9bed7) Importer(815301076,1909f56bfc062723c751e8b465ee728b)  -> (artifact id: '6893bec57766d2e157ceb20f27dec933') in 0.000714 seconds
Number of updated asset objects reloaded before import = 0
Number of asset objects unloaded after import = 0
========================================================================
Received Import Request.
  Time since last request: 0.010549 seconds.
  path: Assets/NoteEditor-master/ProjectSettings/PresetManager.asset
  artifactKey: Guid(b479fce4e048fc142bbe26a0bf3f659f) Importer(815301076,1909f56bfc062723c751e8b465ee728b)
Start importing Assets/NoteEditor-master/ProjectSettings/PresetManager.asset using Guid(b479fce4e048fc142bbe26a0bf3f659f) Importer(815301076,1909f56bfc062723c751e8b465ee728b)  -> (artifact id: 'd4152675a5ba1ec95808188dd549fb4a') in 0.001349 seconds
Number of updated asset objects reloaded before import = 0
Number of asset objects unloaded after import = 0
========================================================================
Received Import Request.
  Time since last request: 0.000020 seconds.
  path: Assets/NoteEditor-master/ProjectSettings/QualitySettings.asset
  artifactKey: Guid(865eb6a1cbf475f4fa0553d91385f68b) Importer(815301076,1909f56bfc062723c751e8b465ee728b)
Start importing Assets/NoteEditor-master/ProjectSettings/QualitySettings.asset using Guid(865eb6a1cbf475f4fa0553d91385f68b) Importer(815301076,1909f56bfc062723c751e8b465ee728b)  -> (artifact id: 'a0f5635b1d94fc9f8009c642c229802a') in 0.001087 seconds
Number of updated asset objects reloaded before import = 0
Number of asset objects unloaded after import = 0
========================================================================
Received Import Request.
  Time since last request: 0.000020 seconds.
  path: Assets/NoteEditor-master/ProjectSettings/TagManager.asset
  artifactKey: Guid(66623db849dd9e74c850ff0e959bc0c9) Importer(815301076,1909f56bfc062723c751e8b465ee728b)
Start importing Assets/NoteEditor-master/ProjectSettings/TagManager.asset using Guid(66623db849dd9e74c850ff0e959bc0c9) Importer(815301076,1909f56bfc062723c751e8b465ee728b)  -> (artifact id: 'c1d4cef65b29996b0a377bc112b4e892') in 0.001079 seconds
Number of updated asset objects reloaded before import = 0
Number of asset objects unloaded after import = 0
========================================================================
Received Import Request.
  Time since last request: 0.000194 seconds.
  path: Assets/NoteEditor-master/ProjectSettings/VFXManager.asset
  artifactKey: Guid(57a333c33ea052c42a3a6e1780d26cf1) Importer(815301076,1909f56bfc062723c751e8b465ee728b)
Start importing Assets/NoteEditor-master/ProjectSettings/VFXManager.asset using Guid(57a333c33ea052c42a3a6e1780d26cf1) Importer(815301076,1909f56bfc062723c751e8b465ee728b)  -> (artifact id: '4a13480a39b9ad011f98158f033af04a') in 0.000900 seconds
Number of updated asset objects reloaded before import = 0
Number of asset objects unloaded after import = 0
Editor requested this worker to shutdown with reason: Scaling down because of idle timeout
TcpMessagingSession - receive error: operation aborted. errorcode: 995, details: スレッドの終了またはアプリケーションの要求によって、I/O 処理は中止されました。
AssetImportWorker is now disconnected from the server
Process exiting
Exiting without the bug reporter. Application will terminate with return code 0